<?xml version="1.0" encoding="utf-8" standalone="no"?>
<test-run id="2" testcasecount="2" result="Passed" total="2" passed="2" failed="0" inconclusive="0" skipped="0" asserts="2" engine-version="3.4.1.0" clr-version="4.0.30319.42000" start-time="2016-11-07 14:27:26Z" end-time="2016-11-07 14:27:26Z" duration="0.093549">
  <command-line><![CDATA[/nunit/nunit3-console.exe bin/Debug/HAppi.ClassLibrary.UnitTests.dll]]></command-line>
  <test-suite type="Assembly" id="0-1003" name="HAppi.ClassLibrary.UnitTests.dll" fullname="/test/bin/Debug/HAppi.ClassLibrary.UnitTests.dll" runstate="Runnable" testcasecount="2" result="Passed" start-time="2016-11-07 14:27:26Z" end-time="2016-11-07 14:27:26Z" duration="0.046564" total="2" passed="2" failed="0" inconclusive="0" skipped="0" asserts="2">
    <environment framework-version="3.5.0.0" clr-version="4.0.30319.42000" os-version="Unix 4.4.20.0" platform="Unix" cwd="/test" machine-name="479671f37326" user="root" user-domain="479671f37326" culture="" uiculture="" os-architecture="x64" />
    <settings>
      <setting name="WorkDirectory" value="/test" />
      <setting name="ImageRuntimeVersion" value="4.0.30319" />
      <setting name="ImageTargetFrameworkName" value=".NETFramework,Version=v4.5.2" />
      <setting name="ImageRequiresX86" value="False" />
      <setting name="ImageRequiresDefaultAppDomainAssemblyResolver" value="False" />
      <setting name="NumberOfTestWorkers" value="2" />
    </settings>
    <properties>
      <property name="_PID" value="8" />
      <property name="_APPDOMAIN" value="test-domain-" />
    </properties>
    <test-suite type="TestSuite" id="0-1004" name="HAppi" fullname="HAppi" runstate="Runnable" testcasecount="2" result="Passed" start-time="2016-11-07 14:27:26Z" end-time="2016-11-07 14:27:26Z" duration="0.036247" total="2" passed="2" failed="0" inconclusive="0" skipped="0" asserts="2">
      <test-suite type="TestSuite" id="0-1005" name="ClassLibrary" fullname="HAppi.ClassLibrary" runstate="Runnable" testcasecount="2" result="Passed" start-time="2016-11-07 14:27:26Z" end-time="2016-11-07 14:27:26Z" duration="0.034076" total="2" passed="2" failed="0" inconclusive="0" skipped="0" asserts="2">
        <test-suite type="TestSuite" id="0-1006" name="UnitTests" fullname="HAppi.ClassLibrary.UnitTests" runstate="Runnable" testcasecount="2" result="Passed" start-time="2016-11-07 14:27:26Z" end-time="2016-11-07 14:27:26Z" duration="0.024031" total="2" passed="2" failed="0" inconclusive="0" skipped="0" asserts="2">
          <test-suite type="TestFixture" id="0-1000" name="DummyTests" fullname="HAppi.ClassLibrary.UnitTests.DummyTests" classname="HAppi.ClassLibrary.UnitTests.DummyTests" runstate="Runnable" testcasecount="2" result="Passed" start-time="2016-11-07 14:27:26Z" end-time="2016-11-07 14:27:26Z" duration="0.019258" total="2" passed="2" failed="0" inconclusive="0" skipped="0" asserts="2">
            <test-case id="0-1002" name="TestTestMe" fullname="HAppi.ClassLibrary.UnitTests.DummyTests.TestTestMe" methodname="TestTestMe" classname="HAppi.ClassLibrary.UnitTests.DummyTests" runstate="Runnable" seed="1428366228" result="Passed" start-time="2016-11-07 14:27:26Z" end-time="2016-11-07 14:27:26Z" duration="0.008470" asserts="1" />
            <test-case id="0-1001" name="TestTrue" fullname="HAppi.ClassLibrary.UnitTests.DummyTests.TestTrue" methodname="TestTrue" classname="HAppi.ClassLibrary.UnitTests.DummyTests" runstate="Runnable" seed="317881885" result="Passed" start-time="2016-11-07 14:27:26Z" end-time="2016-11-07 14:27:26Z" duration="0.000441" asserts="1" />
          </test-suite>
        </test-suite>
      </test-suite>
    </test-suite>
  </test-suite>
</test-run>